========================================================================
PLTR Programming Assignment 1 — analysis pipeline
========================================================================
Original schema: Schema([('Date', Date), ('Open', Float64), ('High', Float64), ('Low', Float64), ('Close', Float64), ('Volume', Int64), ('Dividends', Float64), ('Stock Splits', Float64)])
Loaded 1393 rows of PLTR daily data (2020-09-30 to 2026-04-17)
Rows after dropping NaNs from lag/EMA warmup: 1390

Descriptive statistics (transposed):
┌────────────┬──────────┬────────────┬───────────────────────┬────────────────────┬──────────────────────┬───────────────────────┬───────────────────────┬──────────────────────┬─────────────────────┐
│ column     ┆ column_0 ┆ column_1   ┆ column_2              ┆ column_3           ┆ column_4             ┆ column_5              ┆ column_6              ┆ column_7             ┆ column_8            │
╞════════════╪══════════╪════════════╪═══════════════════════╪════════════════════╪══════════════════════╪═══════════════════════╪═══════════════════════╪══════════════════════╪═════════════════════╡
│ statistic  ┆ count    ┆ null_count ┆ mean                  ┆ std                ┆ min                  ┆ 25%                   ┆ 50%                   ┆ 75%                  ┆ max                 │
│ Open       ┆ 1390.0   ┆ 0.0        ┆ 48.16176690647482     ┆ 55.0981526198069   ┆ 5.98                 ┆ 13.29                 ┆ 23.01                 ┆ 64.57                ┆ 205.045             │
│ High       ┆ 1390.0   ┆ 0.0        ┆ 49.303211510791364    ┆ 56.15066008029389  ┆ 6.17                 ┆ 13.82                 ┆ 23.495                ┆ 65.85                ┆ 207.52              │
│ Low        ┆ 1390.0   ┆ 0.0        ┆ 46.93441294964028     ┆ 53.79761666042417  ┆ 5.92                 ┆ 12.94                 ┆ 22.42                 ┆ 63.4                 ┆ 201.82              │
│ Close      ┆ 1390.0   ┆ 0.0        ┆ 48.17287410071943     ┆ 55.03007389277544  ┆ 6.0                  ┆ 13.4                  ┆ 22.96                 ┆ 64.98                ┆ 207.18              │
│ Volume     ┆ 1390.0   ┆ 0.0        ┆ 58737861.07913669     ┆ 40032576.56080778  ┆ 9126400.0            ┆ 34015100.0            ┆ 47213200.0            ┆ 69242700.0           ┆ 450290500.0         │
│ CloseLag1  ┆ 1390.0   ┆ 0.0        ┆ 48.074176258992814    ┆ 54.97679323928705  ┆ 6.0                  ┆ 13.39                 ┆ 22.95                 ┆ 64.65                ┆ 207.18              │
│ CloseLag2  ┆ 1390.0   ┆ 0.0        ┆ 47.97827697841727     ┆ 54.92774790241861  ┆ 6.0                  ┆ 13.32                 ┆ 22.95                 ┆ 64.35                ┆ 207.18              │
│ CloseLag3  ┆ 1390.0   ┆ 0.0        ┆ 47.88284532374101     ┆ 54.87922768889079  ┆ 6.0                  ┆ 13.27                 ┆ 22.93                 ┆ 62.98                ┆ 207.18              │
│ HML        ┆ 1390.0   ┆ 0.0        ┆ 2.368798561151079     ┆ 2.9165436870007055 ┆ 0.13                 ┆ 0.6                   ┆ 1.03                  ┆ 3.18                 ┆ 20.175              │
│ HMLLag1    ┆ 1390.0   ┆ 0.0        ┆ 2.3654604316546766    ┆ 2.9162082215030183 ┆ 0.13                 ┆ 0.599                 ┆ 1.02                  ┆ 3.16                 ┆ 20.175              │
│ HMLLag2    ┆ 1390.0   ┆ 0.0        ┆ 2.361755395683453     ┆ 2.914833001900202  ┆ 0.13                 ┆ 0.599                 ┆ 1.02                  ┆ 3.16                 ┆ 20.175              │
│ HMLLag3    ┆ 1390.0   ┆ 0.0        ┆ 2.357906474820144     ┆ 2.911375238292685  ┆ 0.13                 ┆ 0.599                 ┆ 1.02                  ┆ 3.14                 ┆ 20.175              │
│ OMC        ┆ 1390.0   ┆ 0.0        ┆ -0.011107194244604332 ┆ 2.2933117264354257 ┆ -13.82               ┆ -0.49                 ┆ 0.0                   ┆ 0.45                 ┆ 16.325              │
│ OMCLag1    ┆ 1390.0   ┆ 0.0        ┆ -0.010434532374100733 ┆ 2.293136564351617  ┆ -13.82               ┆ -0.49                 ┆ 0.0                   ┆ 0.45                 ┆ 16.325              │
│ OMCLag2    ┆ 1390.0   ┆ 0.0        ┆ -0.011369784172661851 ┆ 2.2927729210143957 ┆ -13.82               ┆ -0.49                 ┆ 0.0                   ┆ 0.45                 ┆ 16.325              │
│ OMCLag3    ┆ 1390.0   ┆ 0.0        ┆ -0.007153956834532386 ┆ 2.2883142583016762 ┆ -13.82               ┆ -0.49                 ┆ 0.0                   ┆ 0.45                 ┆ 16.325              │
│ VolumeLag1 ┆ 1390.0   ┆ 0.0        ┆ 58741189.280575536    ┆ 40032074.518810414 ┆ 9126400.0            ┆ 34015100.0            ┆ 47213200.0            ┆ 69242700.0           ┆ 450290500.0         │
│ VolumeLag2 ┆ 1390.0   ┆ 0.0        ┆ 58799140.07194245     ┆ 40068638.6322134   ┆ 9126400.0            ┆ 34015100.0            ┆ 47218700.0            ┆ 69255500.0           ┆ 450290500.0         │
│ VolumeLag3 ┆ 1390.0   ┆ 0.0        ┆ 59007913.45323741     ┆ 40764336.25964421  ┆ 9126400.0            ┆ 34015100.0            ┆ 47218700.0            ┆ 69271900.0           ┆ 450290500.0         │
│ CloseEMA2  ┆ 1390.0   ┆ 0.0        ┆ 47.97992589928058     ┆ 54.88806208615256  ┆ 6.123                ┆ 13.291                ┆ 23.016                ┆ 63.088               ┆ 202.176             │
│ CloseEMA4  ┆ 1390.0   ┆ 0.0        ┆ 47.84884316546763     ┆ 54.778383506145    ┆ 6.261                ┆ 13.266                ┆ 22.999                ┆ 62.327               ┆ 197.566             │
│ CloseEMA8  ┆ 1390.0   ┆ 0.0        ┆ 47.576315107913665    ┆ 54.55065573460673  ┆ 6.451                ┆ 13.262                ┆ 22.95                 ┆ 59.96                ┆ 191.93              │
│ LogReturn  ┆ 1390.0   ┆ 0.0        ┆ 0.0019906984357489417 ┆ 0.0433758782986705 ┆ -0.23962884865041742 ┆ -0.020331048867407452 ┆ 0.0007740115574335122 ┆ 0.022519842073344523 ┆ 0.26851030647316254 │
│ Target     ┆ 1390.0   ┆ 0.0        ┆ 0.5064748201438849    ┆ 0.5001380130752888 ┆ 0.0                  ┆ 0.0                   ┆ 1.0                   ┆ 1.0                  ┆ 1.0                 │
└────────────┴──────────┴────────────┴───────────────────────┴────────────────────┴──────────────────────┴───────────────────────┴───────────────────────┴──────────────────────┴─────────────────────┘

Target balance:
shape: (2, 2)
┌────────┬───────┐
│ Target ┆ count │
│ ---    ┆ ---   │
│ i32    ┆ u32   │
╞════════╪═══════╡
│ 1      ┆ 704   │
│ 0      ┆ 686   │
└────────┴───────┘

15 candidate features:
  ( 0) CloseLag1
  ( 1) CloseLag2
  ( 2) CloseLag3
  ( 3) HMLLag1
  ( 4) HMLLag2
  ( 5) HMLLag3
  ( 6) OMCLag1
  ( 7) OMCLag2
  ( 8) OMCLag3
  ( 9) VolumeLag1
  (10) VolumeLag2
  (11) VolumeLag3
  (12) CloseEMA2
  (13) CloseEMA4
  (14) CloseEMA8

Running all-possible-subsets logistic regression (32767 subsets)...

Top 10 lowest-AIC subsets:
shape: (10, 3)
┌─────────────┬────────────┬─────────────┐
│ trialNumber ┆ features   ┆ aic         │
│ ---         ┆ ---        ┆ ---         │
│ i64         ┆ str        ┆ f64         │
╞═════════════╪════════════╪═════════════╡
│ 55          ┆ 3 4        ┆ 1926.956367 │
│ 5           ┆ 4          ┆ 1927.138283 │
│ 359         ┆ 3 4 8      ┆ 1927.177643 │
│ 1476        ┆ 3 4 9 10   ┆ 1927.297583 │
│ 69          ┆ 4 8        ┆ 1927.326707 │
│ 4201        ┆ 3 4 6 9 10 ┆ 1927.637056 │
│ 4237        ┆ 3 4 8 9 10 ┆ 1927.671194 │
│ 357         ┆ 3 4 6      ┆ 1927.705886 │
│ 361         ┆ 3 4 10     ┆ 1928.014288 │
│ 1456        ┆ 3 4 6 8    ┆ 1928.067865 │
└─────────────┴────────────┴─────────────┘

Feature frequency in top 10 subsets:
      HMLLag2: 10
      HMLLag1: 8
      OMCLag3: 4
   VolumeLag2: 4
      OMCLag1: 3
   VolumeLag1: 3
    CloseLag1: 0
    CloseLag2: 0
    CloseLag3: 0
      HMLLag3: 0
      OMCLag2: 0
   VolumeLag3: 0
    CloseEMA2: 0
    CloseEMA4: 0
    CloseEMA8: 0

Selected feature subset for downstream modeling: ['HMLLag2', 'HMLLag1', 'OMCLag3', 'VolumeLag2', 'OMCLag1']

Correlation matrix (selected features + LogReturn + CloseLag1):
shape: (7, 7)
┌───────────┬───────────┬──────────┬───────────┬───────────┬────────────┬───────────┐
│ LogReturn ┆ CloseLag1 ┆ HMLLag2  ┆ HMLLag1   ┆ OMCLag3   ┆ VolumeLag2 ┆ OMCLag1   │
│ ---       ┆ ---       ┆ ---      ┆ ---       ┆ ---       ┆ ---        ┆ ---       │
│ f64       ┆ f64       ┆ f64      ┆ f64       ┆ f64       ┆ f64        ┆ f64       │
╞═══════════╪═══════════╪══════════╪═══════════╪═══════════╪════════════╪═══════════╡
│ 1.0       ┆ -0.014608 ┆ 0.005308 ┆ -0.020721 ┆ 0.000247  ┆ -0.003541  ┆ -0.001495 │
│ -0.014608 ┆ 1.0       ┆ 0.80337  ┆ 0.805075  ┆ 0.011944  ┆ 0.134128   ┆ 0.009502  │
│ 0.005308  ┆ 0.80337   ┆ 1.0      ┆ 0.770541  ┆ 0.062959  ┆ 0.384679   ┆ 0.042486  │
│ -0.020721 ┆ 0.805075  ┆ 0.770541 ┆ 1.0       ┆ 0.039784  ┆ 0.261442   ┆ 0.133505  │
│ 0.000247  ┆ 0.011944  ┆ 0.062959 ┆ 0.039784  ┆ 1.0       ┆ -0.010146  ┆ 0.052403  │
│ -0.003541 ┆ 0.134128  ┆ 0.384679 ┆ 0.261442  ┆ -0.010146 ┆ 1.0        ┆ -0.025791 │
│ -0.001495 ┆ 0.009502  ┆ 0.042486 ┆ 0.133505  ┆ 0.052403  ┆ -0.025791  ┆ 1.0       │
└───────────┴───────────┴──────────┴───────────┴───────────┴────────────┴───────────┘

TimeSeriesSplit folds:
  fold 0: train [0..224] (n=225)  test [235..465] (n=231)
  fold 1: train [0..455] (n=456)  test [466..696] (n=231)
  fold 2: train [0..686] (n=687)  test [697..927] (n=231)
  fold 3: train [0..917] (n=918)  test [928..1158] (n=231)
  fold 4: train [0..1148] (n=1149)  test [1159..1389] (n=231)

Baseline XGBoost CV accuracy: 0.506 +/- 0.036

Running RandomizedSearchCV (100 iters)...
Best params: {'learning_rate': 0.014181434102638326, 'max_depth': 6, 'min_child_weight': 1, 'n_estimators': 846, 'subsample': 0.8926390905021143}
Best CV accuracy: 0.521

In-sample ROC AUC: 0.997

Confusion matrix:
[[669  17]
 [ 21 683]]

Classification report:
                 precision    recall  f1-score   support

Negative Return       0.97      0.98      0.97       686
Positive Return       0.98      0.97      0.97       704

       accuracy                           0.97      1390
      macro avg       0.97      0.97      0.97      1390
   weighted avg       0.97      0.97      0.97      1390


Figures saved to ./figures/
Done.
